<?xml version="1.0" encoding="UTF-8"?>
<!-- Generated by org.testng.reporters.JUnitReportReporter -->
<testsuite hostname="DESKTOP-IG79IBO" failures="0" tests="1" name="com.pagefactory.Pagefactorywithoutanotations" time="8.584" errors="0" timestamp="2023-04-28T13:06:37 IST" skipped="0">
  <testcase classname="com.pagefactory.Pagefactorywithoutanotations" name="login" time="8.584"/>
  <system-out/>
</testsuite> <!-- com.pagefactory.Pagefactorywithoutanotations -->
