<?xml version="1.0" encoding="UTF-8"?>
<!-- Generated by org.testng.reporters.JUnitReportReporter -->
<testsuite hostname="DESKTOP-IG79IBO" failures="0" tests="1" name="com.pom.LoginPageObjectModel" time="8.881" errors="0" timestamp="2023-04-28T12:49:07 IST" skipped="0">
  <testcase classname="com.pom.LoginPageObjectModel" name="login" time="8.881"/>
  <system-out/>
</testsuite> <!-- com.pom.LoginPageObjectModel -->
